"C:/Users/kaimo/OneDrive/Documents/GitHub/OokySpookyPhotos/Content/Mannequin/Character/Mesh/SK_Mannequin_PhysicsAsset.uasset" 0
"C:/Users/kaimo/OneDrive/Documents/GitHub/OokySpookyPhotos/Content/Mannequin/Character/Textures/T_UE4Logo_N.uasset" 1
"C:/Users/kaimo/OneDrive/Documents/GitHub/OokySpookyPhotos/Content/Mannequin/Character/Materials/MaterialLayers/T_ML_Rubber_Blue_01_D.uasset" 2
"C:/Users/kaimo/OneDrive/Documents/GitHub/OokySpookyPhotos/Content/Mannequin/Character/Materials/MaterialLayers/T_ML_Rubber_Blue_01_N.uasset" 3
"C:/Users/kaimo/OneDrive/Documents/GitHub/OokySpookyPhotos/Content/Mannequin/Character/Textures/T_Male_Mask.uasset" 4
"C:/Users/kaimo/OneDrive/Documents/GitHub/OokySpookyPhotos/Content/Mannequin/Character/Textures/T_Male_N.uasset" 5
"C:/Users/kaimo/OneDrive/Documents/GitHub/OokySpookyPhotos/Content/Mannequin/Character/Textures/T_UE4Logo_Mask.uasset" 6
"C:/Users/kaimo/OneDrive/Documents/GitHub/OokySpookyPhotos/Content/Mannequin/Character/Materials/MaterialLayers/T_ML_Aluminum01_N.uasset" 7
"C:/Users/kaimo/OneDrive/Documents/GitHub/OokySpookyPhotos/Content/Mannequin/Character/Materials/MaterialLayers/T_ML_Aluminum01.uasset" 8
"../../../Engine/Content/Functions/Engine_MaterialFunctions02/Utility/BlendAngleCorrectedNormals.uasset" 9
"../../../Engine/Content/Functions/MaterialLayerFunctions/MatLayerBlend_NormalBlend.uasset" 10
"../../../Engine/Content/Functions/MaterialLayerFunctions/MatLayerBlend_Simple.uasset" 11
"C:/Users/kaimo/OneDrive/Documents/GitHub/OokySpookyPhotos/Content/Mannequin/Character/Materials/MaterialLayers/ML_SoftMetal_UE4.uasset" 12
"C:/Users/kaimo/OneDrive/Documents/GitHub/OokySpookyPhotos/Content/Mannequin/Character/Materials/MaterialLayers/ML_Plastic_Shiny_Beige_LOGO.uasset" 13
"C:/Users/kaimo/OneDrive/Documents/GitHub/OokySpookyPhotos/Content/Mannequin/Character/Materials/MaterialLayers/ML_Plastic_Shiny_Beige.uasset" 14
"C:/Users/kaimo/OneDrive/Documents/GitHub/OokySpookyPhotos/Content/Mannequin/Character/Materials/MaterialLayers/ML_GlossyBlack_Latex_UE4.uasset" 15
"C:/Users/kaimo/OneDrive/Documents/GitHub/OokySpookyPhotos/Content/Mannequin/Character/Materials/M_Male_Body.uasset" 16
"C:/Users/kaimo/OneDrive/Documents/GitHub/OokySpookyPhotos/Content/Mannequin/Character/Materials/M_UE4Man_ChestLogo.uasset" 17
"C:/Users/kaimo/OneDrive/Documents/GitHub/OokySpookyPhotos/Content/Mannequin/Character/Mesh/UE4_Mannequin_Skeleton.uasset" 18
"C:/Users/kaimo/OneDrive/Documents/GitHub/OokySpookyPhotos/Content/Mannequin/Character/Mesh/SK_Mannequin.uasset" 19
"../../../Engine/Content/EditorBlueprintResources/StandardMacros.uasset" 20
"C:/Users/kaimo/OneDrive/Documents/GitHub/OokySpookyPhotos/Content/Mannequin/Animations/ThirdPersonWalk.uasset" 21
"C:/Users/kaimo/OneDrive/Documents/GitHub/OokySpookyPhotos/Content/Mannequin/Animations/ThirdPersonRun.uasset" 22
"C:/Users/kaimo/OneDrive/Documents/GitHub/OokySpookyPhotos/Content/Mannequin/Animations/ThirdPersonIdle.uasset" 23
"C:/Users/kaimo/OneDrive/Documents/GitHub/OokySpookyPhotos/Content/Mannequin/Animations/ThirdPerson_IdleRun_2D.uasset" 24
"C:/Users/kaimo/OneDrive/Documents/GitHub/OokySpookyPhotos/Content/Mannequin/Animations/ThirdPerson_Jump.uasset" 25
"C:/Users/kaimo/OneDrive/Documents/GitHub/OokySpookyPhotos/Content/Mannequin/Animations/ThirdPersonJump_Start.uasset" 26
"C:/Users/kaimo/OneDrive/Documents/GitHub/OokySpookyPhotos/Content/Mannequin/Animations/ThirdPersonJump_Loop.uasset" 27
"C:/Users/kaimo/OneDrive/Documents/GitHub/OokySpookyPhotos/Content/Mannequin/Animations/ThirdPerson_AnimBP.uasset" 28
"C:/Users/kaimo/OneDrive/Documents/GitHub/OokySpookyPhotos/Content/ThirdPersonBP/Blueprints/ThirdPersonCharacter.uasset" 29
"C:/Users/kaimo/OneDrive/Documents/GitHub/OokySpookyPhotos/Content/ThirdPersonBP/Player.uasset" 30
"C:/Users/kaimo/OneDrive/Documents/GitHub/OokySpookyPhotos/Content/ThirdPersonBP/Blueprints/ThirdPersonGameMode.uasset" 31
"../../../Engine/Content/Animation/DefaultAnimBoneCompressionSettings.uasset" 32
"../../../Engine/Content/Animation/DefaultAnimCurveCompressionSettings.uasset" 33
"../../../Engine/Content/EngineMaterials/T_Default_Material_Grid_N.uasset" 34
"../../../Engine/Content/EngineMaterials/T_Default_Material_Grid_M.uasset" 35
"../../../Engine/Content/Functions/Engine_MaterialFunctions01/Opacity/CameraDepthFade.uasset" 36
"../../../Engine/Content/EngineMaterials/WorldGridMaterial.uasset" 37
"../../../Engine/Content/ArtTools/RenderToTexture/Meshes/S_1_Unit_Plane.uasset" 38
"../../../Engine/Content/BasicShapes/Cube.uasset" 39
"../../../Engine/Content/EditorLandscapeResources/DataLayer.uasset" 40
"../../../Engine/Content/EditorLandscapeResources/DefaultAlphaTexture.uasset" 41
"../../../Engine/Content/EditorMaterials/MAT_Groups_Toggle.uasset" 42
"../../../Engine/Content/EditorMaterials/MAT_Groups_Visibility.uasset" 43
"../../../Engine/Content/EditorMaterials/PreviewShadowIndicator.uasset" 44
"../../../Engine/Content/EditorMaterials/PreviewShadowIndicatorMaterial.uasset" 45
"../../../Engine/Content/EditorMaterials/MatineeGroups/MAT_ColorTrack.uasset" 46
"../../../Engine/Content/EditorMaterials/MatineeGroups/MAT_Groups_Anim.uasset" 47
"../../../Engine/Content/EditorMaterials/MatineeGroups/MAT_Groups_AudioMaster.uasset" 48
"../../../Engine/Content/EditorMaterials/MatineeGroups/MAT_Groups_Director.uasset" 49
"../../../Engine/Content/EditorMaterials/MatineeGroups/MAT_Groups_Event.uasset" 50
"../../../Engine/Content/EditorMaterials/MatineeGroups/MAT_Groups_Fade.uasset" 51
"../../../Engine/Content/EditorMaterials/MatineeGroups/MAT_Groups_Float.uasset" 52
"../../../Engine/Content/EditorMaterials/MatineeGroups/MAT_Groups_Move.uasset" 53
"../../../Engine/Content/EditorMaterials/MatineeGroups/MAT_Groups_Slomo.uasset" 54
"../../../Engine/Content/EditorMaterials/MatineeGroups/MAT_Groups_Sound.uasset" 55
"../../../Engine/Content/EditorMaterials/MatineeGroups/MAT_Groups_Vector.uasset" 56
"../../../Engine/Content/EditorMaterials/ParticleSystems/PSysThumbnail_NoImage.uasset" 57
"../../../Engine/Content/EditorMaterials/ParticleSystems/PSysThumbnail_OOD.uasset" 58
"../../../Engine/Content/EditorMaterials/Camera/CineMat.uasset" 59
"../../../Engine/Content/EditorMaterials/Camera/MI_CineMat_Rig.uasset" 60
"../../../Engine/Content/EditorMeshes/Camera/SM_CraneRig_Arm.uasset" 61
"../../../Engine/Content/EditorMeshes/Camera/SM_CraneRig_Base.uasset" 62
"../../../Engine/Content/EditorMeshes/Camera/SM_CraneRig_Body.uasset" 63
"../../../Engine/Content/EditorMeshes/Camera/SM_CraneRig_Mount.uasset" 64
"../../../Engine/Content/EditorMeshes/Camera/SM_RailRig_Mount.uasset" 65
"../../../Engine/Content/EditorMeshes/Camera/SM_RailRig_Track.uasset" 66
"../../../Engine/Content/EditorResources/BSPVertex.uasset" 67
"../../../Engine/Content/EditorResources/EmptyActor.uasset" 68
"../../../Engine/Content/EditorResources/S_Actor.uasset" 69
"../../../Engine/Content/EditorResources/S_Note.uasset" 70
"../../../Engine/Content/EditorResources/S_Solver.uasset" 71
"../../../Engine/Content/EditorResources/S_Terrain.uasset" 72
"../../../Engine/Content/EditorResources/S_Trigger.uasset" 73
"../../../Engine/Content/EditorResources/LightIcons/S_LightError.uasset" 74
"../../../Engine/Content/EditorResources/SequenceRecorder/Countdown.uasset" 75
"../../../Engine/Content/EditorResources/SequenceRecorder/RecordingIndicator.uasset" 76
"../../../Engine/Content/EngineDamageTypes/DmgTypeBP_Environmental.uasset" 77
"../../../Engine/Content/EngineDebugMaterials/DebugEditorMaterial.uasset" 78
"../../../Engine/Content/EngineDebugMaterials/DebugMeshMaterial.uasset" 79
"../../../Engine/Content/EngineDebugMaterials/M_SimpleUnlitTranslucent.uasset" 80
"../../../Engine/Content/EngineDebugMaterials/VolumeToRender.uasset" 81
"../../../Engine/Content/Functions/Engine_MaterialFunctions02/Utility/CameraDirectionVector.uasset" 82
"../../../Engine/Content/EngineDebugMaterials/M_VolumeRenderSphereTracePP.uasset" 83
"../../../Engine/Content/Functions/Engine_MaterialFunctions01/Shading/ConvertFromDiffSpec.uasset" 84
"../../../Engine/Content/EngineDebugMaterials/VertexColorMaterial.uasset" 85
"../../../Engine/Content/EngineDebugMaterials/WireframeMaterial.uasset" 86
"../../../Engine/Content/EngineFonts/Faces/RobotoRegular.uasset" 87
"../../../Engine/Content/EngineFonts/Faces/RobotoLight.uasset" 88
"../../../Engine/Content/EngineFonts/Faces/RobotoItalic.uasset" 89
"../../../Engine/Content/EngineFonts/Faces/RobotoBoldItalic.uasset" 90
"../../../Engine/Content/EngineFonts/Faces/RobotoBold.uasset" 91
"../../../Engine/Content/EngineFonts/Faces/DroidSansFallback.uasset" 92
"../../../Engine/Content/EngineFonts/Roboto.uasset" 93
"../../../Engine/Content/EngineMaterials/BaseFlattenNormalMap.uasset" 94
"../../../Engine/Content/EngineMaterials/BaseFlattenGrayscaleMap.uasset" 95
"../../../Engine/Content/EngineMaterials/BaseFlattenEmissiveMap.uasset" 96
"../../../Engine/Content/EngineMaterials/BaseFlattenDiffuseMap.uasset" 97
"../../../Engine/Content/EngineMaterials/BaseFlattenMaterial.uasset" 98
"../../../Engine/Content/EngineMaterials/BlueNoise.uasset" 99
"../../../Engine/Content/EngineMaterials/DefaultBloomKernel.uasset" 100
"../../../Engine/Content/EngineMaterials/DefaultBokeh.uasset" 101
"../../../Engine/Content/EngineMaterials/DefaultDiffuse.uasset" 102
"../../../Engine/Content/EngineMaterials/DefaultDeferredDecalMaterial.uasset" 103
"../../../Engine/Content/EngineMaterials/DefaultLightFunctionMaterial.uasset" 104
"../../../Engine/Content/Functions/Engine_MaterialFunctions02/Utility/BreakOutFloat2Components.uasset" 105
"../../../Engine/Content/EngineMaterials/DefaultPostProcessMaterial.uasset" 106
"../../../Engine/Content/EngineFonts/RobotoDistanceField.uasset" 107
"../../../Engine/Content/EngineMaterials/DefaultTextMaterialOpaque.uasset" 108
"../../../Engine/Content/EngineMaterials/DefaultWhiteGrid.uasset" 109
"../../../Engine/Content/EngineMaterials/DefaultWhiteGrid_Low.uasset" 110
"../../../Engine/Content/EngineMaterials/EmissiveMeshMaterial.uasset" 111
"../../../Engine/Content/EngineMaterials/GizmoMaterial.uasset" 112
"../../../Engine/Content/EngineMaterials/Good64x64TilingNoiseHighFreq.uasset" 113
"../../../Engine/Content/EngineMaterials/MiniFont.uasset" 114
"../../../Engine/Content/EngineMaterials/InvalidLightmapSettings.uasset" 115
"../../../Engine/Content/EngineMaterials/M_InvalidLightmapSettings.uasset" 116
"../../../Engine/Content/Functions/Engine_MaterialFunctions02/WorldPositionOffset/CameraOffset.uasset" 117
"../../../Engine/Content/EngineMaterials/PhAT_JointLimitMaterial.uasset" 118
"../../../Engine/Content/EngineMaterials/PreintegratedSkinBRDF.uasset" 119
"../../../Engine/Content/EngineMaterials/RemoveSurfaceMaterial.uasset" 120
"../../../Engine/Content/EngineResources/WhiteSquareTexture.uasset" 121
"../../../Engine/Content/EngineMaterials/Widget3DPassThrough.uasset" 122
"../../../Engine/Content/EngineMaterials/Widget3DPassThrough_Masked.uasset" 123
"../../../Engine/Content/EngineMaterials/Widget3DPassThrough_Opaque.uasset" 124
"../../../Engine/Content/EngineMaterials/Widget3DPassThrough_Masked_OneSided.uasset" 125
"../../../Engine/Content/EngineMaterials/Widget3DPassThrough_Opaque_OneSided.uasset" 126
"../../../Engine/Content/EngineMaterials/Widget3DPassThrough_Translucent.uasset" 127
"../../../Engine/Content/EngineMaterials/Widget3DPassThrough_Translucent_OneSided.uasset" 128
"../../../Engine/Content/EngineMaterials/DefaultMaterial.uasset" 129
"../../../Engine/Content/EngineMeshes/Cylinder.uasset" 130
"../../../Engine/Content/EngineMeshes/Sphere.uasset" 131
"../../../Engine/Content/EngineResources/Black.uasset" 132
"../../../Engine/Content/EngineResources/DefaultTextureCube.uasset" 133
"../../../Engine/Content/EngineResources/DefaultVolumeTexture2D.uasset" 134
"../../../Engine/Content/EngineResources/DefaultVolumeTexture.uasset" 135
"../../../Engine/Content/EngineResources/GradientTexture0.uasset" 136
"../../../Engine/Content/EngineSky/VolumetricClouds/T_NoiseShape64.uasset" 137
"../../../Engine/Content/EngineSky/VolumetricClouds/T_VolumeNoiseShape64.uasset" 138
"../../../Engine/Content/EngineSky/VolumetricClouds/T_NoiseErosion.uasset" 139
"../../../Engine/Content/EngineSky/VolumetricClouds/T_VolumeNoiseErosion32.uasset" 140
"../../../Engine/Content/EngineSky/VolumetricClouds/CloudWeatherTexture.uasset" 141
"../../../Engine/Content/EngineSky/VolumetricClouds/CloudGradientTexture.uasset" 142
"../../../Engine/Content/Functions/Engine_MaterialFunctions02/Utility/MakeFloat2.uasset" 143
"../../../Engine/Content/EngineSky/VolumetricClouds/m_SimpleVolumetricCloud.uasset" 144
"../../../Engine/Content/EngineSky/VolumetricClouds/m_SimpleVolumetricCloud_Inst.uasset" 145
"../../../Engine/Content/EngineSounds/Master.uasset" 146
"../../../Engine/Content/Functions/Engine_MaterialFunctions01/Shading/PowerToRoughness.uasset" 147
"../../../Engine/Content/Maps/Templates/Thumbnails/Default.uasset" 148
"../../../Engine/Content/Maps/Templates/Thumbnails/TimeOfDay.uasset" 149
"../../../Engine/Content/Maps/Templates/Thumbnails/VR-Basic.uasset" 150
"../../../Engine/Content/MobileResources/T_MobileControls_texture.uasset" 151
"../../../Engine/Content/MobileResources/T_MobileMenu2.uasset" 152
"../../../Engine/Content/MobileResources/HUD/AnalogHat.uasset" 153
"../../../Engine/Content/MobileResources/HUD/VirtualJoystick_Thumb.uasset" 154
"../../../Engine/Content/MobileResources/HUD/VirtualJoystick_Background.uasset" 155
"../../../Engine/Content/MobileResources/HUD/DefaultVirtualJoysticks.uasset" 156
"../../../Engine/Content/MobileResources/HUD/LeftVirtualJoystickOnly.uasset" 157
"../../../Engine/Content/MobileResources/HUD/MobileHUDButton1_off.uasset" 158
"../../../Engine/Content/MobileResources/HUD/MobileHUDButton1_on.uasset" 159
"../../../Engine/Content/MobileResources/HUD/MobileHUDButton2_off.uasset" 160
"../../../Engine/Content/MobileResources/HUD/MobileHUDButton2_on.uasset" 161
"../../../Engine/Content/MobileResources/HUD/MobileHUDButton3.uasset" 162
"../../../Engine/Content/MobileResources/HUD/MobileHUDButtonFire.uasset" 163
"../../../Engine/Content/MobileResources/HUD/MobileHUDDirectionPad.uasset" 164
"../../../Engine/Content/MobileResources/HUD/MobileHUDDirectionPad2.uasset" 165
"../../../Engine/Content/MobileResources/HUD/MobileHUDDirectionPad3.uasset" 166
"../../../Engine/Content/MobileResources/HUD/MobileHUDDirectionStick.uasset" 167
"../../../Engine/Content/MobileResources/HUD/T_Castle_ThumbstickInner.uasset" 168
"../../../Engine/Content/MobileResources/HUD/T_Castle_ThumbstickOutter.uasset" 169
"../../../Engine/Content/Tutorial/ContentIntroCurve.uasset" 170
"../../../Engine/Content/Tutorial/Basics/LevelEditorAttract.uasset" 171
"../../../Engine/Content/VREditor/TransformGizmo/TranslucentTransformGizmoMaterial.uasset" 172
"../../../Engine/Content/VREditor/LaserPointer/VR_LaserPower_01.uasset" 173
"../../../Engine/Content/VREditor/TransformGizmo/TransformGizmoMaterial.uasset" 174
"../../../Engine/Content/VREditor/TransformGizmo/BoundingBoxCorner.uasset" 175
"../../../Engine/Content/VREditor/TransformGizmo/BoundingBoxEdge.uasset" 176
"../../../Engine/Content/VREditor/TransformGizmo/PlaneTranslationHandle.uasset" 177
"../../../Engine/Content/VREditor/TransformGizmo/Xray.uasset" 178
"../../../Engine/Content/VREditor/TransformGizmo/Main.uasset" 179
"../../../Engine/Content/VREditor/TransformGizmo/SM_Sequencer_Key.uasset" 180
"../../../Engine/Content/VREditor/TransformGizmo/SM_Sequencer_Node.uasset" 181
"../../Plugins/2D/Paper2D/Content/PlaceholderTextures/DummySpriteTexture.uasset" 182
"../../Plugins/2D/Paper2D/Content/DummySprite.uasset" 183
"../../Plugins/2D/Paper2D/Content/DefaultPaperTerrainMaterial.uasset" 184
"../../Plugins/2D/Paper2D/Content/DefaultSpriteMaterial.uasset" 185
"../../Plugins/2D/Paper2D/Content/MaskedUnlitSpriteMaterial.uasset" 186
"../../Plugins/2D/Paper2D/Content/OpaqueUnlitSpriteMaterial.uasset" 187
"../../../Engine/Content/Functions/Engine_MaterialFunctions02/Utility/BreakOutFloat3Components.uasset" 188
"../../Plugins/Editor/SpeedTreeImporter/Content/SpeedTree9/UnpackInteger3.uasset" 189
"../../Plugins/Editor/SpeedTreeImporter/Content/SpeedTree9/UnpackDirection.uasset" 190
"../../Plugins/Editor/SpeedTreeImporter/Content/SpeedTree9/game_wind_noise.uasset" 191
"../../../Engine/Content/Functions/Engine_MaterialFunctions02/SafeNormalize.uasset" 192
"../../Plugins/Editor/SpeedTreeImporter/Content/SpeedTree9/SpeedTreeWindMotion.uasset" 193
"../../Plugins/Editor/SpeedTreeImporter/Content/SpeedTree9/SpeedTreeBranchMotion.uasset" 194
"../../../Engine/Content/Functions/Engine_MaterialFunctions02/ObjectLocalBounds.uasset" 195
"../../../Engine/Content/Functions/Engine_MaterialFunctions02/UVs/BoundingBoxBased_0-1_UVW.uasset" 196
"../../Plugins/Editor/SpeedTreeImporter/Content/SpeedTree9/SpeedTreeWind.uasset" 197
"../../Plugins/Editor/SpeedTreeImporter/Content/SpeedTree9/SpeedTreeBillboard.uasset" 198
"../../../Engine/Content/EngineResources/DefaultTexture.uasset" 199
"../../Plugins/Editor/SpeedTreeImporter/Content/SpeedTree9/SpeedTreeBillboardMaster.uasset" 200
"../../Plugins/Editor/SpeedTreeImporter/Content/SpeedTree9/SpeedTreeCameraFacing.uasset" 201
"../../Plugins/Editor/SpeedTreeImporter/Content/SpeedTree9/SpeedTreeMaster.uasset" 202
"../../../Engine/Content/ArtTools/RenderToTexture/Materials/Debug/M_Emissive_Color.uasset" 203
"../../../Engine/Content/BasicShapes/Cylinder.uasset" 204
"../../Plugins/Lumin/MagicLeapPassableWorld/Content/MagicLeapARPinInfoActor.uasset" 205
"../../../Engine/Content/Functions/Engine_MaterialFunctions02/Utility/BreakOutFloat4Components.uasset" 206
"../../../Engine/Content/Functions/Engine_MaterialFunctions02/Utility/MakeFloat3.uasset" 207
"../../Plugins/Runtime/Oculus/OculusVR/Content/Materials/OculusMR_ChromaKey.uasset" 208
"../../Plugins/Runtime/Oculus/OculusVR/Content/Materials/OculusMR_OpaqueColoredMaterial.uasset" 209
"../../Plugins/Runtime/Oculus/OculusVR/Content/Materials/PokeAHoleMaterial.uasset" 210
"C:/Users/kaimo/OneDrive/Documents/GitHub/OokySpookyPhotos/Content/Mannequin/Character/Mesh/SK_Mannequin_Female_PhysicsAsset.uasset" 211
"C:/Users/kaimo/OneDrive/Documents/GitHub/OokySpookyPhotos/Content/Mannequin/Character/Textures/T_Female_N.uasset" 212
"C:/Users/kaimo/OneDrive/Documents/GitHub/OokySpookyPhotos/Content/Mannequin/Character/Textures/T_Female_Mask.uasset" 213
"C:/Users/kaimo/OneDrive/Documents/GitHub/OokySpookyPhotos/Content/Mannequin/Character/Materials/MI_Female_Body.uasset" 214
"C:/Users/kaimo/OneDrive/Documents/GitHub/OokySpookyPhotos/Content/Mannequin/Character/Mesh/SK_Mannequin_Female.uasset" 215
"C:/Users/kaimo/OneDrive/Documents/GitHub/OokySpookyPhotos/Content/NewMaterials/PhotoPink.uasset" 216
"../../../Engine/Content/BasicShapes/Cone.uasset" 217
"C:/Users/kaimo/OneDrive/Documents/GitHub/OokySpookyPhotos/Content/ThirdPersonBP/Maps/ThirdPersonExampleMap_BuiltData.uasset" 218
"C:/Users/kaimo/OneDrive/Documents/GitHub/OokySpookyPhotos/Content/ThirdPersonBP/Maps/ThirdPersonExampleMap_sharedassets/Grass_LayerInfo.uasset" 219
"C:/Users/kaimo/OneDrive/Documents/GitHub/OokySpookyPhotos/Content/ThirdPersonBP/Maps/ThirdPersonExampleMap_sharedassets/Dirt_LayerInfo.uasset" 220
"../../../Engine/Content/EngineMaterials/DefaultPhysicalMaterial.uasset" 221
"../../../Engine/Content/BasicShapes/Sphere.uasset" 222
"../../../Engine/Content/BasicShapes/BasicShapeMaterial.uasset" 223
"../../../Engine/Content/BasicShapes/Plane.uasset" 224
"C:/Users/kaimo/OneDrive/Documents/GitHub/OokySpookyPhotos/Content/Sound/Boink.uasset" 225
"C:/Users/kaimo/OneDrive/Documents/GitHub/OokySpookyPhotos/Content/ThirdPersonBP/LadderClimbHitbox.uasset" 226
"C:/Users/kaimo/OneDrive/Documents/GitHub/OokySpookyPhotos/Content/StarterContent/Textures/T_Perlin_Noise_M.uasset" 227
"C:/Users/kaimo/OneDrive/Documents/GitHub/OokySpookyPhotos/Content/StarterContent/Textures/T_MacroVariation.uasset" 228
"C:/Users/kaimo/OneDrive/Documents/GitHub/OokySpookyPhotos/Content/StarterContent/Textures/T_Concrete_Poured_N.uasset" 229
"C:/Users/kaimo/OneDrive/Documents/GitHub/OokySpookyPhotos/Content/StarterContent/Textures/T_Concrete_Poured_D.uasset" 230
"C:/Users/kaimo/OneDrive/Documents/GitHub/OokySpookyPhotos/Content/StarterContent/Materials/LighthouseRed.uasset" 231
"C:/Users/kaimo/OneDrive/Documents/GitHub/OokySpookyPhotos/Content/StarterContent/Textures/T_Wood_Walnut_N.uasset" 232
"C:/Users/kaimo/OneDrive/Documents/GitHub/OokySpookyPhotos/Content/StarterContent/Textures/T_Wood_Walnut_D.uasset" 233
"C:/Users/kaimo/OneDrive/Documents/GitHub/OokySpookyPhotos/Content/StarterContent/Materials/M_Wood_Walnut.uasset" 234
"C:/Users/kaimo/OneDrive/Documents/GitHub/OokySpookyPhotos/Content/StarterContent/Textures/T_Wood_Pine_N.uasset" 235
"C:/Users/kaimo/OneDrive/Documents/GitHub/OokySpookyPhotos/Content/StarterContent/Textures/T_Wood_Pine_D.uasset" 236
"C:/Users/kaimo/OneDrive/Documents/GitHub/OokySpookyPhotos/Content/StarterContent/Materials/M_Wood_Pine.uasset" 237
"C:/Users/kaimo/OneDrive/Documents/GitHub/OokySpookyPhotos/Content/StarterContent/Textures/T_Wood_Oak_N.uasset" 238
"C:/Users/kaimo/OneDrive/Documents/GitHub/OokySpookyPhotos/Content/StarterContent/Textures/T_Wood_Oak_D.uasset" 239
"C:/Users/kaimo/OneDrive/Documents/GitHub/OokySpookyPhotos/Content/StarterContent/Materials/M_Wood_Oak.uasset" 240
"C:/Users/kaimo/OneDrive/Documents/GitHub/OokySpookyPhotos/Content/StarterContent/Textures/T_Water_N.uasset" 241
"C:/Users/kaimo/OneDrive/Documents/GitHub/OokySpookyPhotos/Content/StarterContent/Materials/M_Water_Lake.uasset" 242
"C:/Users/kaimo/OneDrive/Documents/GitHub/OokySpookyPhotos/Content/StarterContent/Textures/T_Rock_Slate_N.uasset" 243
"C:/Users/kaimo/OneDrive/Documents/GitHub/OokySpookyPhotos/Content/StarterContent/Textures/T_Rock_Slate_D.uasset" 244
"C:/Users/kaimo/OneDrive/Documents/GitHub/OokySpookyPhotos/Content/StarterContent/Materials/M_Rock_Slate.uasset" 245
"C:/Users/kaimo/OneDrive/Documents/GitHub/OokySpookyPhotos/Content/StarterContent/Textures/T_Rock_Marble_Polished_D.uasset" 246
"C:/Users/kaimo/OneDrive/Documents/GitHub/OokySpookyPhotos/Content/StarterContent/Textures/T_Metal_Gold_N.uasset" 247
"C:/Users/kaimo/OneDrive/Documents/GitHub/OokySpookyPhotos/Content/StarterContent/Materials/M_Rock_Marble_Polished.uasset" 248
"C:/Users/kaimo/OneDrive/Documents/GitHub/OokySpookyPhotos/Content/StarterContent/Textures/T_Rock_Basalt_N.uasset" 249
"C:/Users/kaimo/OneDrive/Documents/GitHub/OokySpookyPhotos/Content/StarterContent/Textures/T_Rock_Basalt_D.uasset" 250
"C:/Users/kaimo/OneDrive/Documents/GitHub/OokySpookyPhotos/Content/StarterContent/Materials/M_Rock_Basalt.uasset" 251
"C:/Users/kaimo/OneDrive/Documents/GitHub/OokySpookyPhotos/Content/StarterContent/Textures/T_Metal_Steel_N.uasset" 252
"C:/Users/kaimo/OneDrive/Documents/GitHub/OokySpookyPhotos/Content/StarterContent/Textures/T_Metal_Steel_D.uasset" 253
"C:/Users/kaimo/OneDrive/Documents/GitHub/OokySpookyPhotos/Content/StarterContent/Materials/M_Metal_Steel.uasset" 254
"C:/Users/kaimo/OneDrive/Documents/GitHub/OokySpookyPhotos/Content/StarterContent/Textures/T_Metal_Gold_D.uasset" 255
"C:/Users/kaimo/OneDrive/Documents/GitHub/OokySpookyPhotos/Content/StarterContent/Materials/M_Metal_Gold.uasset" 256
"C:/Users/kaimo/OneDrive/Documents/GitHub/OokySpookyPhotos/Content/StarterContent/Textures/T_Concrete_Panels_N.uasset" 257
"C:/Users/kaimo/OneDrive/Documents/GitHub/OokySpookyPhotos/Content/StarterContent/Textures/T_Concrete_Panels_D.uasset" 258
"C:/Users/kaimo/OneDrive/Documents/GitHub/OokySpookyPhotos/Content/StarterContent/Materials/M_Concrete_Panels.uasset" 259
"C:/Users/kaimo/OneDrive/Documents/GitHub/OokySpookyPhotos/Content/StarterContent/Textures/T_Rock_Smooth_Granite_D.uasset" 260
"C:/Users/kaimo/OneDrive/Documents/GitHub/OokySpookyPhotos/Content/StarterContent/Textures/T_Gradinet_01.uasset" 261
"C:/Users/kaimo/OneDrive/Documents/GitHub/OokySpookyPhotos/Content/StarterContent/Textures/T_CobbleStone_Rough_N.uasset" 262
"C:/Users/kaimo/OneDrive/Documents/GitHub/OokySpookyPhotos/Content/StarterContent/Textures/T_CobbleStone_Rough_D.uasset" 263
"C:/Users/kaimo/OneDrive/Documents/GitHub/OokySpookyPhotos/Content/StarterContent/Materials/M_CobbleStone_Rough.uasset" 264
"C:/Users/kaimo/OneDrive/Documents/GitHub/OokySpookyPhotos/Content/StarterContent/Textures/T_CobbleStone_Pebble_N.uasset" 265
"C:/Users/kaimo/OneDrive/Documents/GitHub/OokySpookyPhotos/Content/StarterContent/Textures/T_CobbleStone_Pebble_M.uasset" 266
"C:/Users/kaimo/OneDrive/Documents/GitHub/OokySpookyPhotos/Content/StarterContent/Textures/T_CobbleStone_Pebble_D.uasset" 267
"C:/Users/kaimo/OneDrive/Documents/GitHub/OokySpookyPhotos/Content/StarterContent/Materials/M_CobbleStone_Pebble.uasset" 268
"C:/Users/kaimo/OneDrive/Documents/GitHub/OokySpookyPhotos/Content/StarterContent/Textures/T_Brick_Hewn_Stone_N.uasset" 269
"C:/Users/kaimo/OneDrive/Documents/GitHub/OokySpookyPhotos/Content/StarterContent/Textures/T_Brick_Hewn_Stone_M.uasset" 270
"C:/Users/kaimo/OneDrive/Documents/GitHub/OokySpookyPhotos/Content/StarterContent/Textures/T_Brick_Hewn_Stone_D.uasset" 271
"C:/Users/kaimo/OneDrive/Documents/GitHub/OokySpookyPhotos/Content/StarterContent/Textures/T_Detail_Rocky_N.uasset" 272
"C:/Users/kaimo/OneDrive/Documents/GitHub/OokySpookyPhotos/Content/StarterContent/Materials/M_Brick_Hewn_Stone.uasset" 273
"C:/Users/kaimo/OneDrive/Documents/GitHub/OokySpookyPhotos/Content/StarterContent/Textures/T_Brick_Cut_Stone_N.uasset" 274
"C:/Users/kaimo/OneDrive/Documents/GitHub/OokySpookyPhotos/Content/StarterContent/Textures/T_Brick_Cut_Stone_D.uasset" 275
"C:/Users/kaimo/OneDrive/Documents/GitHub/OokySpookyPhotos/Content/StarterContent/Materials/M_Brick_Cut_Stone.uasset" 276
"C:/Users/kaimo/OneDrive/Documents/GitHub/OokySpookyPhotos/Content/StarterContent/Textures/T_Brick_Clay_Beveled_N.uasset" 277
"C:/Users/kaimo/OneDrive/Documents/GitHub/OokySpookyPhotos/Content/StarterContent/Textures/T_Brick_Clay_Beveled_M.uasset" 278
"C:/Users/kaimo/OneDrive/Documents/GitHub/OokySpookyPhotos/Content/StarterContent/Textures/T_Brick_Clay_Beveled_D.uasset" 279
"C:/Users/kaimo/OneDrive/Documents/GitHub/OokySpookyPhotos/Content/StarterContent/Materials/M_Brick_Clay_Beveled.uasset" 280
"C:/Users/kaimo/OneDrive/Documents/GitHub/OokySpookyPhotos/Content/StarterContent/Materials/M_Concrete_Poured.uasset" 281
"../../../Engine/Content/EngineMaterials/WeightMapPlaceholderTexture.uasset" 282
"C:/Users/kaimo/OneDrive/Documents/GitHub/OokySpookyPhotos/Content/StarterContent/Textures/T_Ground_Gravel_N.uasset" 283
"C:/Users/kaimo/OneDrive/Documents/GitHub/OokySpookyPhotos/Content/StarterContent/Textures/T_Ground_Gravel_D.uasset" 284
"C:/Users/kaimo/OneDrive/Documents/GitHub/OokySpookyPhotos/Content/StarterContent/Textures/T_Ground_Grass_N.uasset" 285
"C:/Users/kaimo/OneDrive/Documents/GitHub/OokySpookyPhotos/Content/StarterContent/Textures/T_Ground_Grass_D.uasset" 286
"C:/Users/kaimo/OneDrive/Documents/GitHub/OokySpookyPhotos/Content/StarterContent/Materials/M_Landscape.uasset" 287
"C:/Users/kaimo/OneDrive/Documents/GitHub/OokySpookyPhotos/Content/StarterContent/Materials/M_Glass.uasset" 288
"C:/Users/kaimo/OneDrive/Documents/GitHub/OokySpookyPhotos/Content/NewMaterials/SaveBlue.uasset" 289
"C:/Users/kaimo/OneDrive/Documents/GitHub/OokySpookyPhotos/Content/NewMaterials/TwinYellow.uasset" 290
"../../../Engine/Content/Functions/Engine_MaterialFunctions01/Opacity/AlphaOffset.uasset" 291
"C:/Users/kaimo/OneDrive/Documents/GitHub/OokySpookyPhotos/Content/StarterContent/Textures/T_Wood_Floor_Walnut_N.uasset" 292
"C:/Users/kaimo/OneDrive/Documents/GitHub/OokySpookyPhotos/Content/StarterContent/Textures/T_Wood_Floor_Walnut_M.uasset" 293
"C:/Users/kaimo/OneDrive/Documents/GitHub/OokySpookyPhotos/Content/StarterContent/Textures/T_Wood_Floor_Walnut_D.uasset" 294
"C:/Users/kaimo/OneDrive/Documents/GitHub/OokySpookyPhotos/Content/StarterContent/Materials/M_Wood_Floor_Walnut_Worn.uasset" 295
"C:/Users/kaimo/OneDrive/Documents/GitHub/OokySpookyPhotos/Content/StarterContent/Textures/T_Ground_Moss_N.uasset" 296
"C:/Users/kaimo/OneDrive/Documents/GitHub/OokySpookyPhotos/Content/StarterContent/Textures/T_ground_Moss_D.uasset" 297
"C:/Users/kaimo/OneDrive/Documents/GitHub/OokySpookyPhotos/Content/StarterContent/Materials/M_Ground_Moss.uasset" 298
"C:/Users/kaimo/OneDrive/Documents/GitHub/OokySpookyPhotos/Content/Tree.uasset" 299
"C:/Users/kaimo/OneDrive/Documents/GitHub/OokySpookyPhotos/Content/StarterContent/Textures/T_Metal_Rust_N.uasset" 300
"C:/Users/kaimo/OneDrive/Documents/GitHub/OokySpookyPhotos/Content/StarterContent/Textures/T_Concrete_Grime_D.uasset" 301
"C:/Users/kaimo/OneDrive/Documents/GitHub/OokySpookyPhotos/Content/StarterContent/Materials/M_Concrete_Grime.uasset" 302
"C:/Users/kaimo/OneDrive/Documents/GitHub/OokySpookyPhotos/Content/StarterContent/Materials/M_Ground_Grass.uasset" 303
"C:/Users/kaimo/OneDrive/Documents/GitHub/OokySpookyPhotos/Content/SmallHouse.uasset" 304
"C:/Users/kaimo/OneDrive/Documents/GitHub/OokySpookyPhotos/Content/Monster.uasset" 305
"C:/Users/kaimo/OneDrive/Documents/GitHub/OokySpookyPhotos/Content/NewMaterials/HighligtRed.uasset" 306
"C:/Users/kaimo/OneDrive/Documents/GitHub/OokySpookyPhotos/Content/NewMaterials/FlashPurple.uasset" 307
"C:/Users/kaimo/OneDrive/Documents/GitHub/OokySpookyPhotos/Content/CameraIndicator.uasset" 308
"C:/Users/kaimo/OneDrive/Documents/GitHub/OokySpookyPhotos/Content/ThirdPersonBP/Maps/ThirdPersonExampleMap.umap" 309
"../../../Engine/Content/Maps/Entry_BuiltData.uasset" 310
"../../../Engine/Content/Maps/Entry.umap" 311
